<?xml version="1.0" encoding="UTF-8"?>
<testsuite xmlns:xsi="http://www.w3.org/2001/XMLSchema-instance" xsi:noNamespaceSchemaLocation="https://maven.apache.org/surefire/maven-surefire-plugin/xsd/surefire-test-report-3.0.xsd" version="3.0" name="com.wagmi.finance.strings.StringUtilsTest" time="0.136" tests="16" errors="0" skipped="0" failures="0">
  <properties>
[...]
</properties>
  <testcase name="matchesDatePattern_handles_null_input" classname="com.wagmi.finance.strings.StringUtilsTest" time="0.005"/>
  <testcase name="sanitizeDescription_handles_empty_string" classname="com.wagmi.finance.strings.StringUtilsTest" time="0.004"/>
  <testcase name="matchesDatePattern_handles_empty_string" classname="com.wagmi.finance.strings.StringUtilsTest" time="0.002"/>
  <testcase name="matchesDatePattern_validates_day_range" classname="com.wagmi.finance.strings.StringUtilsTest" time="0.004"/>
  <testcase name="sanitizeDescription_removes_special_characters" classname="com.wagmi.finance.strings.StringUtilsTest" time="0.002"/>
  <testcase name="sanitizeDescription_handles_multiple_spaces" classname="com.wagmi.finance.strings.StringUtilsTest" time="0.004"/>
  <testcase name="matchesDatePattern_handles_leap_year" classname="com.wagmi.finance.strings.StringUtilsTest" time="0.002"/>
  <testcase name="sanitizeDescription_handles_null_input" classname="com.wagmi.finance.strings.StringUtilsTest" time="0.022"/>
  <testcase name="sanitizeDescription_trims_and_collapses_spaces" classname="com.wagmi.finance.strings.StringUtilsTest" time="0.004"/>
  <testcase name="matchesDatePattern_handles_whitespace" classname="com.wagmi.finance.strings.StringUtilsTest" time="0.002"/>
  <testcase name="matchesDatePattern_rejects_invalid_formats" classname="com.wagmi.finance.strings.StringUtilsTest" time="0.004"/>
  <testcase name="matchesDatePattern_validates_month_range" classname="com.wagmi.finance.strings.StringUtilsTest" time="0.003"/>
  <testcase name="sanitizeDescription_handles_tabs_and_newlines" classname="com.wagmi.finance.strings.StringUtilsTest" time="0.003"/>
  <testcase name="matchesDatePattern_checks_basic_format" classname="com.wagmi.finance.strings.StringUtilsTest" time="0.003"/>
  <testcase name="matchesDatePattern_handles_year_boundaries" classname="com.wagmi.finance.strings.StringUtilsTest" time="0.002"/>
  <testcase name="matchesDatePattern_handles_month_day_combinations" classname="com.wagmi.finance.strings.StringUtilsTest" time="0.005"/>
</testsuite>