<?xml version="1.0" encoding="UTF-8"?>
<testsuite xmlns:xsi="http://www.w3.org/2001/XMLSchema-instance" xsi:noNamespaceSchemaLocation="https://maven.apache.org/surefire/maven-surefire-plugin/xsd/surefire-test-report-3.0.xsd" version="3.0" name="test.java.com.wagmi.finance.integration.FinanceSystemIntegrationTest" time="0.056" tests="7" errors="6" skipped="0" failures="0">
  <properties>
[...]
</properties>
  <testcase name="string_validation_integration" classname="test.java.com.wagmi.finance.integration.FinanceSystemIntegrationTest" time="0.004"/>
  <testcase name="performance_with_large_dataset" classname="test.java.com.wagmi.finance.integration.FinanceSystemIntegrationTest" time="0.003">
    <error message="Not implemented" type="java.lang.UnsupportedOperationException"><![CDATA[java.lang.UnsupportedOperationException: Not implemented
	at main.java.com.wagmi.finance.budget.BudgetManager.addValidCategory(BudgetManager.java:26)
	at test.java.com.wagmi.finance.integration.FinanceSystemIntegrationTest.performance_with_large_dataset(FinanceSystemIntegrationTest.java:177)
	at java.base/java.lang.reflect.Method.invoke(Method.java:565)
	at java.base/java.util.ArrayList.forEach(ArrayList.java:1604)
	at java.base/java.util.ArrayList.forEach(ArrayList.java:1604)
]]></error>
  </testcase>
  <testcase name="transaction_deletion_with_undo" classname="test.java.com.wagmi.finance.integration.FinanceSystemIntegrationTest" time="0.004">
    <error message="Not implemented" type="java.lang.UnsupportedOperationException"><![CDATA[java.lang.UnsupportedOperationException: Not implemented
	at main.java.com.wagmi.finance.budget.BudgetManager.addValidCategory(BudgetManager.java:26)
	at test.java.com.wagmi.finance.integration.FinanceSystemIntegrationTest.transaction_deletion_with_undo(FinanceSystemIntegrationTest.java:68)
	at java.base/java.lang.reflect.Method.invoke(Method.java:565)
	at java.base/java.util.ArrayList.forEach(ArrayList.java:1604)
	at java.base/java.util.ArrayList.forEach(ArrayList.java:1604)
]]></error>
  </testcase>
  <testcase name="error_handling_integration" classname="test.java.com.wagmi.finance.integration.FinanceSystemIntegrationTest" time="0.003">
    <error message="Not implemented" type="java.lang.UnsupportedOperationException"><![CDATA[java.lang.UnsupportedOperationException: Not implemented
	at main.java.com.wagmi.finance.budget.BudgetManager.isValidCategory(BudgetManager.java:31)
	at test.java.com.wagmi.finance.integration.FinanceSystemIntegrationTest.error_handling_integration(FinanceSystemIntegrationTest.java:158)
	at java.base/java.lang.reflect.Method.invoke(Method.java:565)
	at java.base/java.util.ArrayList.forEach(ArrayList.java:1604)
	at java.base/java.util.ArrayList.forEach(ArrayList.java:1604)
]]></error>
  </testcase>
  <testcase name="budget_limit_enforcement" classname="test.java.com.wagmi.finance.integration.FinanceSystemIntegrationTest" time="0.004">
    <error message="Not implemented" type="java.lang.UnsupportedOperationException"><![CDATA[java.lang.UnsupportedOperationException: Not implemented
	at main.java.com.wagmi.finance.budget.BudgetManager.addValidCategory(BudgetManager.java:26)
	at test.java.com.wagmi.finance.integration.FinanceSystemIntegrationTest.budget_limit_enforcement(FinanceSystemIntegrationTest.java:97)
	at java.base/java.lang.reflect.Method.invoke(Method.java:565)
	at java.base/java.util.ArrayList.forEach(ArrayList.java:1604)
	at java.base/java.util.ArrayList.forEach(ArrayList.java:1604)
]]></error>
  </testcase>
  <testcase name="recursive_analysis_integration" classname="test.java.com.wagmi.finance.integration.FinanceSystemIntegrationTest" time="0.01">
    <error message="Not implemented" type="java.lang.UnsupportedOperationException"><![CDATA[java.lang.UnsupportedOperationException: Not implemented
	at main.java.com.wagmi.finance.recursion.RecursionUtils.categoryTotalRecursive(RecursionUtils.java:24)
	at test.java.com.wagmi.finance.integration.FinanceSystemIntegrationTest.recursive_analysis_integration(FinanceSystemIntegrationTest.java:131)
	at java.base/java.lang.reflect.Method.invoke(Method.java:565)
	at java.base/java.util.ArrayList.forEach(ArrayList.java:1604)
	at java.base/java.util.ArrayList.forEach(ArrayList.java:1604)
]]></error>
  </testcase>
  <testcase name="complete_transaction_workflow" classname="test.java.com.wagmi.finance.integration.FinanceSystemIntegrationTest" time="0.004">
    <error message="Not implemented" type="java.lang.UnsupportedOperationException"><![CDATA[java.lang.UnsupportedOperationException: Not implemented
	at main.java.com.wagmi.finance.budget.BudgetManager.addValidCategory(BudgetManager.java:26)
	at test.java.com.wagmi.finance.integration.FinanceSystemIntegrationTest.complete_transaction_workflow(FinanceSystemIntegrationTest.java:40)
	at java.base/java.lang.reflect.Method.invoke(Method.java:565)
	at java.base/java.util.ArrayList.forEach(ArrayList.java:1604)
	at java.base/java.util.ArrayList.forEach(ArrayList.java:1604)
]]></error>
  </testcase>
</testsuite>