-------------------------------------------------------------------------------
Test set: test.java.com.wagmi.finance.integration.FinanceSystemIntegrationTest
-------------------------------------------------------------------------------
Tests run: 7, Failures: 0, Errors: 5, Skipped: 0, Time elapsed: 0.068 s <<< FAILURE! -- in test.java.com.wagmi.finance.integration.FinanceSystemIntegrationTest
test.java.com.wagmi.finance.integration.FinanceSystemIntegrationTest.performance_with_large_dataset -- Time elapsed: 0.003 s <<< ERROR!
java.lang.UnsupportedOperationException: Not implemented
	at main.java.com.wagmi.finance.budget.BudgetManager.addValidCategory(BudgetManager.java:26)
	at test.java.com.wagmi.finance.integration.FinanceSystemIntegrationTest.performance_with_large_dataset(FinanceSystemIntegrationTest.java:177)
	at java.base/java.lang.reflect.Method.invoke(Method.java:565)
	at java.base/java.util.ArrayList.forEach(ArrayList.java:1604)
	at java.base/java.util.ArrayList.forEach(ArrayList.java:1604)

test.java.com.wagmi.finance.integration.FinanceSystemIntegrationTest.transaction_deletion_with_undo -- Time elapsed: 0.005 s <<< ERROR!
java.lang.UnsupportedOperationException: Not implemented
	at main.java.com.wagmi.finance.budget.BudgetManager.addValidCategory(BudgetManager.java:26)
	at test.java.com.wagmi.finance.integration.FinanceSystemIntegrationTest.transaction_deletion_with_undo(FinanceSystemIntegrationTest.java:68)
	at java.base/java.lang.reflect.Method.invoke(Method.java:565)
	at java.base/java.util.ArrayList.forEach(ArrayList.java:1604)
	at java.base/java.util.ArrayList.forEach(ArrayList.java:1604)

test.java.com.wagmi.finance.integration.FinanceSystemIntegrationTest.error_handling_integration -- Time elapsed: 0.002 s <<< ERROR!
java.lang.UnsupportedOperationException: Not implemented
	at main.java.com.wagmi.finance.budget.BudgetManager.isValidCategory(BudgetManager.java:31)
	at test.java.com.wagmi.finance.integration.FinanceSystemIntegrationTest.error_handling_integration(FinanceSystemIntegrationTest.java:158)
	at java.base/java.lang.reflect.Method.invoke(Method.java:565)
	at java.base/java.util.ArrayList.forEach(ArrayList.java:1604)
	at java.base/java.util.ArrayList.forEach(ArrayList.java:1604)

test.java.com.wagmi.finance.integration.FinanceSystemIntegrationTest.budget_limit_enforcement -- Time elapsed: 0.007 s <<< ERROR!
java.lang.UnsupportedOperationException: Not implemented
	at main.java.com.wagmi.finance.budget.BudgetManager.addValidCategory(BudgetManager.java:26)
	at test.java.com.wagmi.finance.integration.FinanceSystemIntegrationTest.budget_limit_enforcement(FinanceSystemIntegrationTest.java:97)
	at java.base/java.lang.reflect.Method.invoke(Method.java:565)
	at java.base/java.util.ArrayList.forEach(ArrayList.java:1604)
	at java.base/java.util.ArrayList.forEach(ArrayList.java:1604)

test.java.com.wagmi.finance.integration.FinanceSystemIntegrationTest.complete_transaction_workflow -- Time elapsed: 0.002 s <<< ERROR!
java.lang.UnsupportedOperationException: Not implemented
	at main.java.com.wagmi.finance.budget.BudgetManager.addValidCategory(BudgetManager.java:26)
	at test.java.com.wagmi.finance.integration.FinanceSystemIntegrationTest.complete_transaction_workflow(FinanceSystemIntegrationTest.java:40)
	at java.base/java.lang.reflect.Method.invoke(Method.java:565)
	at java.base/java.util.ArrayList.forEach(ArrayList.java:1604)
	at java.base/java.util.ArrayList.forEach(ArrayList.java:1604)

